CRITICAL - 2023-04-26 14:13:58 --> syntax error, unexpected 'var' (T_VAR), expecting ';'
in APPPATH/Controllers/MobiliarioController.php on line 22.
 1 SYSTEMPATH/Autoloader/Autoloader.php(259): CodeIgniter\Autoloader\Autoloader->includeFile('APPPATH/Controllers/MobiliarioController.php')
 2 SYSTEMPATH/Autoloader/Autoloader.php(237): CodeIgniter\Autoloader\Autoloader->loadInNamespace('App\\Controllers\\MobiliarioController')
 3 [internal function]: CodeIgniter\Autoloader\Autoloader->loadClass('App\\Controllers\\MobiliarioController')
 4 [internal function]: spl_autoload_call('App\\Controllers\\MobiliarioController')
 5 SYSTEMPATH/CodeIgniter.php(877): class_exists('\\App\\Controllers\\MobiliarioController', true)
 6 SYSTEMPATH/CodeIgniter.php(469): CodeIgniter\CodeIgniter->startController()
 7 SYSTEMPATH/CodeIgniter.php(351): CodeIgniter\CodeIgniter->handleRequest(null, Object(Config\Cache), false)
 8 FCPATH/index.php(67): CodeIgniter\CodeIgniter->run()
CRITICAL - 2023-04-26 14:16:19 --> syntax error, unexpected '*'
in APPPATH/Controllers/MobiliarioController.php on line 67.
 1 SYSTEMPATH/Autoloader/Autoloader.php(259): CodeIgniter\Autoloader\Autoloader->includeFile('APPPATH/Controllers/MobiliarioController.php')
 2 SYSTEMPATH/Autoloader/Autoloader.php(237): CodeIgniter\Autoloader\Autoloader->loadInNamespace('App\\Controllers\\MobiliarioController')
 3 [internal function]: CodeIgniter\Autoloader\Autoloader->loadClass('App\\Controllers\\MobiliarioController')
 4 [internal function]: spl_autoload_call('App\\Controllers\\MobiliarioController')
 5 SYSTEMPATH/CodeIgniter.php(877): class_exists('\\App\\Controllers\\MobiliarioController', true)
 6 SYSTEMPATH/CodeIgniter.php(469): CodeIgniter\CodeIgniter->startController()
 7 SYSTEMPATH/CodeIgniter.php(351): CodeIgniter\CodeIgniter->handleRequest(null, Object(Config\Cache), false)
 8 FCPATH/index.php(67): CodeIgniter\CodeIgniter->run()
