ERROR - 2023-04-13 11:36:28 --> mysqli_sql_exception: Unknown column 'TOP 1' in 'field list' in /home/jkmpg7ol/public_html/inventarios/system/Database/MySQLi/Connection.php:292
Stack trace:
#0 /home/jkmpg7ol/public_html/inventarios/system/Database/MySQLi/Connection.php(292): mysqli->query('SELECT `TOP 1` ...', 0)
#1 /home/jkmpg7ol/public_html/inventarios/system/Database/BaseConnection.php(666): CodeIgniter\Database\MySQLi\Connection->execute('SELECT `TOP 1` ...')
#2 /home/jkmpg7ol/public_html/inventarios/system/Database/BaseConnection.php(593): CodeIgniter\Database\BaseConnection->simpleQuery('SELECT `TOP 1` ...')
#3 /home/jkmpg7ol/public_html/inventarios/system/Database/BaseBuilder.php(1585): CodeIgniter\Database\BaseConnection->query('SELECT `TOP 1` ...', Array, false)
#4 /home/jkmpg7ol/public_html/inventarios/system/Model.php(223): CodeIgniter\Database\BaseBuilder->get()
#5 /home/jkmpg7ol/public_html/inventarios/system/BaseModel.php(585): CodeIgniter\Model->doFindAll(0, 0)
#6 /home/jkmpg7ol/public_html/inventarios/app/Controllers/AceiteController.php(32): CodeIgniter\BaseModel->findAll()
#7 /home/jkmpg7ol/public_html/inventarios/system/CodeIgniter.php(927): App\Controllers\AceiteController->guardarAceite()
#8 /home/jkmpg7ol/public_html/inventarios/system/CodeIgniter.php(482): CodeIgniter\CodeIgniter->runController(Object(App\Controllers\AceiteController))
#9 /home/jkmpg7ol/public_html/inventarios/system/CodeIgniter.php(351): CodeIgniter\CodeIgniter->handleRequest(NULL, Object(Config\Cache), false)
#10 /home/jkmpg7ol/public_html/inventarios/index.php(67): CodeIgniter\CodeIgniter->run()
#11 {main}
CRITICAL - 2023-04-13 11:36:28 --> Call to a member function getResult() on bool
in SYSTEMPATH/Model.php on line 224.
 1 SYSTEMPATH/BaseModel.php(585): CodeIgniter\Model->doFindAll(0, 0)
 2 APPPATH/Controllers/AceiteController.php(32): CodeIgniter\BaseModel->findAll()
 3 SYSTEMPATH/CodeIgniter.php(927): App\Controllers\AceiteController->guardarAceite()
 4 SYSTEMPATH/CodeIgniter.php(482): CodeIgniter\CodeIgniter->runController(Object(App\Controllers\AceiteController))
 5 SYSTEMPATH/CodeIgniter.php(351): CodeIgniter\CodeIgniter->handleRequest(null, Object(Config\Cache), false)
 6 FCPATH/index.php(67): CodeIgniter\CodeIgniter->run()
CRITICAL - 2023-04-13 11:39:08 --> syntax error, unexpected '->' (T_OBJECT_OPERATOR)
in APPPATH/Controllers/AceiteController.php on line 32.
 1 SYSTEMPATH/Autoloader/Autoloader.php(259): CodeIgniter\Autoloader\Autoloader->includeFile('APPPATH/Controllers/AceiteController.php')
 2 SYSTEMPATH/Autoloader/Autoloader.php(237): CodeIgniter\Autoloader\Autoloader->loadInNamespace('App\\Controllers\\AceiteController')
 3 [internal function]: CodeIgniter\Autoloader\Autoloader->loadClass('App\\Controllers\\AceiteController')
 4 [internal function]: spl_autoload_call('App\\Controllers\\AceiteController')
 5 SYSTEMPATH/CodeIgniter.php(877): class_exists('\\App\\Controllers\\AceiteController', true)
 6 SYSTEMPATH/CodeIgniter.php(469): CodeIgniter\CodeIgniter->startController()
 7 SYSTEMPATH/CodeIgniter.php(351): CodeIgniter\CodeIgniter->handleRequest(null, Object(Config\Cache), false)
 8 FCPATH/index.php(67): CodeIgniter\CodeIgniter->run()
CRITICAL - 2023-04-13 11:44:44 --> syntax error, unexpected 'endforeach' (T_ENDFOREACH)
in APPPATH/Controllers/AceiteController.php on line 40.
 1 SYSTEMPATH/Autoloader/Autoloader.php(259): CodeIgniter\Autoloader\Autoloader->includeFile('APPPATH/Controllers/AceiteController.php')
 2 SYSTEMPATH/Autoloader/Autoloader.php(237): CodeIgniter\Autoloader\Autoloader->loadInNamespace('App\\Controllers\\AceiteController')
 3 [internal function]: CodeIgniter\Autoloader\Autoloader->loadClass('App\\Controllers\\AceiteController')
 4 [internal function]: spl_autoload_call('App\\Controllers\\AceiteController')
 5 SYSTEMPATH/CodeIgniter.php(877): class_exists('\\App\\Controllers\\AceiteController', true)
 6 SYSTEMPATH/CodeIgniter.php(469): CodeIgniter\CodeIgniter->startController()
 7 SYSTEMPATH/CodeIgniter.php(351): CodeIgniter\CodeIgniter->handleRequest(null, Object(Config\Cache), false)
 8 FCPATH/index.php(67): CodeIgniter\CodeIgniter->run()
CRITICAL - 2023-04-13 12:44:14 --> syntax error, unexpected 'findAll' (T_STRING)
in APPPATH/Controllers/AceiteController.php on line 73.
 1 SYSTEMPATH/Autoloader/Autoloader.php(259): CodeIgniter\Autoloader\Autoloader->includeFile('APPPATH/Controllers/AceiteController.php')
 2 SYSTEMPATH/Autoloader/Autoloader.php(237): CodeIgniter\Autoloader\Autoloader->loadInNamespace('App\\Controllers\\AceiteController')
 3 [internal function]: CodeIgniter\Autoloader\Autoloader->loadClass('App\\Controllers\\AceiteController')
 4 [internal function]: spl_autoload_call('App\\Controllers\\AceiteController')
 5 SYSTEMPATH/CodeIgniter.php(877): class_exists('\\App\\Controllers\\AceiteController', true)
 6 SYSTEMPATH/CodeIgniter.php(469): CodeIgniter\CodeIgniter->startController()
 7 SYSTEMPATH/CodeIgniter.php(351): CodeIgniter\CodeIgniter->handleRequest(null, Object(Config\Cache), false)
 8 FCPATH/index.php(67): CodeIgniter\CodeIgniter->run()
CRITICAL - 2023-04-13 12:44:27 --> syntax error, unexpected 'findAll' (T_STRING)
in APPPATH/Controllers/AceiteController.php on line 73.
 1 SYSTEMPATH/Autoloader/Autoloader.php(259): CodeIgniter\Autoloader\Autoloader->includeFile('APPPATH/Controllers/AceiteController.php')
 2 SYSTEMPATH/Autoloader/Autoloader.php(237): CodeIgniter\Autoloader\Autoloader->loadInNamespace('App\\Controllers\\AceiteController')
 3 [internal function]: CodeIgniter\Autoloader\Autoloader->loadClass('App\\Controllers\\AceiteController')
 4 [internal function]: spl_autoload_call('App\\Controllers\\AceiteController')
 5 SYSTEMPATH/CodeIgniter.php(877): class_exists('\\App\\Controllers\\AceiteController', true)
 6 SYSTEMPATH/CodeIgniter.php(469): CodeIgniter\CodeIgniter->startController()
 7 SYSTEMPATH/CodeIgniter.php(351): CodeIgniter\CodeIgniter->handleRequest(null, Object(Config\Cache), false)
 8 FCPATH/index.php(67): CodeIgniter\CodeIgniter->run()
CRITICAL - 2023-04-13 12:44:29 --> syntax error, unexpected 'findAll' (T_STRING)
in APPPATH/Controllers/AceiteController.php on line 73.
 1 SYSTEMPATH/Autoloader/Autoloader.php(259): CodeIgniter\Autoloader\Autoloader->includeFile('APPPATH/Controllers/AceiteController.php')
 2 SYSTEMPATH/Autoloader/Autoloader.php(237): CodeIgniter\Autoloader\Autoloader->loadInNamespace('App\\Controllers\\AceiteController')
 3 [internal function]: CodeIgniter\Autoloader\Autoloader->loadClass('App\\Controllers\\AceiteController')
 4 [internal function]: spl_autoload_call('App\\Controllers\\AceiteController')
 5 SYSTEMPATH/CodeIgniter.php(877): class_exists('\\App\\Controllers\\AceiteController', true)
 6 SYSTEMPATH/CodeIgniter.php(469): CodeIgniter\CodeIgniter->startController()
 7 SYSTEMPATH/CodeIgniter.php(351): CodeIgniter\CodeIgniter->handleRequest(null, Object(Config\Cache), false)
 8 FCPATH/index.php(67): CodeIgniter\CodeIgniter->run()
CRITICAL - 2023-04-13 12:44:30 --> syntax error, unexpected 'findAll' (T_STRING)
in APPPATH/Controllers/AceiteController.php on line 73.
 1 SYSTEMPATH/Autoloader/Autoloader.php(259): CodeIgniter\Autoloader\Autoloader->includeFile('APPPATH/Controllers/AceiteController.php')
 2 SYSTEMPATH/Autoloader/Autoloader.php(237): CodeIgniter\Autoloader\Autoloader->loadInNamespace('App\\Controllers\\AceiteController')
 3 [internal function]: CodeIgniter\Autoloader\Autoloader->loadClass('App\\Controllers\\AceiteController')
 4 [internal function]: spl_autoload_call('App\\Controllers\\AceiteController')
 5 SYSTEMPATH/CodeIgniter.php(877): class_exists('\\App\\Controllers\\AceiteController', true)
 6 SYSTEMPATH/CodeIgniter.php(469): CodeIgniter\CodeIgniter->startController()
 7 SYSTEMPATH/CodeIgniter.php(351): CodeIgniter\CodeIgniter->handleRequest(null, Object(Config\Cache), false)
 8 FCPATH/index.php(67): CodeIgniter\CodeIgniter->run()
CRITICAL - 2023-04-13 12:44:31 --> syntax error, unexpected 'findAll' (T_STRING)
in APPPATH/Controllers/AceiteController.php on line 73.
 1 SYSTEMPATH/Autoloader/Autoloader.php(259): CodeIgniter\Autoloader\Autoloader->includeFile('APPPATH/Controllers/AceiteController.php')
 2 SYSTEMPATH/Autoloader/Autoloader.php(237): CodeIgniter\Autoloader\Autoloader->loadInNamespace('App\\Controllers\\AceiteController')
 3 [internal function]: CodeIgniter\Autoloader\Autoloader->loadClass('App\\Controllers\\AceiteController')
 4 [internal function]: spl_autoload_call('App\\Controllers\\AceiteController')
 5 SYSTEMPATH/CodeIgniter.php(877): class_exists('\\App\\Controllers\\AceiteController', true)
 6 SYSTEMPATH/CodeIgniter.php(469): CodeIgniter\CodeIgniter->startController()
 7 SYSTEMPATH/CodeIgniter.php(351): CodeIgniter\CodeIgniter->handleRequest(null, Object(Config\Cache), false)
 8 FCPATH/index.php(67): CodeIgniter\CodeIgniter->run()
CRITICAL - 2023-04-13 12:44:32 --> syntax error, unexpected 'findAll' (T_STRING)
in APPPATH/Controllers/AceiteController.php on line 73.
 1 SYSTEMPATH/Autoloader/Autoloader.php(259): CodeIgniter\Autoloader\Autoloader->includeFile('APPPATH/Controllers/AceiteController.php')
 2 SYSTEMPATH/Autoloader/Autoloader.php(237): CodeIgniter\Autoloader\Autoloader->loadInNamespace('App\\Controllers\\AceiteController')
 3 [internal function]: CodeIgniter\Autoloader\Autoloader->loadClass('App\\Controllers\\AceiteController')
 4 [internal function]: spl_autoload_call('App\\Controllers\\AceiteController')
 5 SYSTEMPATH/CodeIgniter.php(877): class_exists('\\App\\Controllers\\AceiteController', true)
 6 SYSTEMPATH/CodeIgniter.php(469): CodeIgniter\CodeIgniter->startController()
 7 SYSTEMPATH/CodeIgniter.php(351): CodeIgniter\CodeIgniter->handleRequest(null, Object(Config\Cache), false)
 8 FCPATH/index.php(67): CodeIgniter\CodeIgniter->run()
CRITICAL - 2023-04-13 12:44:33 --> syntax error, unexpected 'findAll' (T_STRING)
in APPPATH/Controllers/AceiteController.php on line 73.
 1 SYSTEMPATH/Autoloader/Autoloader.php(259): CodeIgniter\Autoloader\Autoloader->includeFile('APPPATH/Controllers/AceiteController.php')
 2 SYSTEMPATH/Autoloader/Autoloader.php(237): CodeIgniter\Autoloader\Autoloader->loadInNamespace('App\\Controllers\\AceiteController')
 3 [internal function]: CodeIgniter\Autoloader\Autoloader->loadClass('App\\Controllers\\AceiteController')
 4 [internal function]: spl_autoload_call('App\\Controllers\\AceiteController')
 5 SYSTEMPATH/CodeIgniter.php(877): class_exists('\\App\\Controllers\\AceiteController', true)
 6 SYSTEMPATH/CodeIgniter.php(469): CodeIgniter\CodeIgniter->startController()
 7 SYSTEMPATH/CodeIgniter.php(351): CodeIgniter\CodeIgniter->handleRequest(null, Object(Config\Cache), false)
 8 FCPATH/index.php(67): CodeIgniter\CodeIgniter->run()
CRITICAL - 2023-04-13 13:13:25 --> Invalid argument supplied for foreach()
in APPPATH/Controllers/AceiteController.php on line 83.
 1 APPPATH/Controllers/AceiteController.php(83): CodeIgniter\Debug\Exceptions->errorHandler(2, 'Invalid argument supplied for foreach()', 'APPPATH/Controllers/AceiteController.php', 83, [...])
 2 SYSTEMPATH/CodeIgniter.php(927): App\Controllers\AceiteController->guardarComprasAceite()
 3 SYSTEMPATH/CodeIgniter.php(482): CodeIgniter\CodeIgniter->runController(Object(App\Controllers\AceiteController))
 4 SYSTEMPATH/CodeIgniter.php(351): CodeIgniter\CodeIgniter->handleRequest(null, Object(Config\Cache), false)
 5 FCPATH/index.php(67): CodeIgniter\CodeIgniter->run()
CRITICAL - 2023-04-13 13:14:27 --> syntax error, unexpected 'var' (T_VAR), expecting ';'
in APPPATH/Controllers/AceiteController.php on line 82.
 1 SYSTEMPATH/Autoloader/Autoloader.php(259): CodeIgniter\Autoloader\Autoloader->includeFile('APPPATH/Controllers/AceiteController.php')
 2 SYSTEMPATH/Autoloader/Autoloader.php(237): CodeIgniter\Autoloader\Autoloader->loadInNamespace('App\\Controllers\\AceiteController')
 3 [internal function]: CodeIgniter\Autoloader\Autoloader->loadClass('App\\Controllers\\AceiteController')
 4 [internal function]: spl_autoload_call('App\\Controllers\\AceiteController')
 5 SYSTEMPATH/CodeIgniter.php(877): class_exists('\\App\\Controllers\\AceiteController', true)
 6 SYSTEMPATH/CodeIgniter.php(469): CodeIgniter\CodeIgniter->startController()
 7 SYSTEMPATH/CodeIgniter.php(351): CodeIgniter\CodeIgniter->handleRequest(null, Object(Config\Cache), false)
 8 FCPATH/index.php(67): CodeIgniter\CodeIgniter->run()
CRITICAL - 2023-04-13 13:14:42 --> Invalid argument supplied for foreach()
in APPPATH/Controllers/AceiteController.php on line 88.
 1 APPPATH/Controllers/AceiteController.php(88): CodeIgniter\Debug\Exceptions->errorHandler(2, 'Invalid argument supplied for foreach()', 'APPPATH/Controllers/AceiteController.php', 88, [...])
 2 SYSTEMPATH/CodeIgniter.php(927): App\Controllers\AceiteController->guardarComprasAceite()
 3 SYSTEMPATH/CodeIgniter.php(482): CodeIgniter\CodeIgniter->runController(Object(App\Controllers\AceiteController))
 4 SYSTEMPATH/CodeIgniter.php(351): CodeIgniter\CodeIgniter->handleRequest(null, Object(Config\Cache), false)
 5 FCPATH/index.php(67): CodeIgniter\CodeIgniter->run()
CRITICAL - 2023-04-13 14:05:59 --> A non-numeric value encountered
in APPPATH/Controllers/AceiteController.php on line 88.
 1 APPPATH/Controllers/AceiteController.php(88): CodeIgniter\Debug\Exceptions->errorHandler(2, 'A non-numeric value encountered', 'APPPATH/Controllers/AceiteController.php', 88, [...])
 2 SYSTEMPATH/CodeIgniter.php(927): App\Controllers\AceiteController->guardarComprasAceite()
 3 SYSTEMPATH/CodeIgniter.php(482): CodeIgniter\CodeIgniter->runController(Object(App\Controllers\AceiteController))
 4 SYSTEMPATH/CodeIgniter.php(351): CodeIgniter\CodeIgniter->handleRequest(null, Object(Config\Cache), false)
 5 FCPATH/index.php(67): CodeIgniter\CodeIgniter->run()
CRITICAL - 2023-04-13 14:06:08 --> syntax error, unexpected '"<br>"' (T_CONSTANT_ENCAPSED_STRING), expecting ';' or ','
in APPPATH/Controllers/AceiteController.php on line 88.
 1 SYSTEMPATH/Autoloader/Autoloader.php(259): CodeIgniter\Autoloader\Autoloader->includeFile('APPPATH/Controllers/AceiteController.php')
 2 SYSTEMPATH/Autoloader/Autoloader.php(237): CodeIgniter\Autoloader\Autoloader->loadInNamespace('App\\Controllers\\AceiteController')
 3 [internal function]: CodeIgniter\Autoloader\Autoloader->loadClass('App\\Controllers\\AceiteController')
 4 [internal function]: spl_autoload_call('App\\Controllers\\AceiteController')
 5 SYSTEMPATH/CodeIgniter.php(877): class_exists('\\App\\Controllers\\AceiteController', true)
 6 SYSTEMPATH/CodeIgniter.php(469): CodeIgniter\CodeIgniter->startController()
 7 SYSTEMPATH/CodeIgniter.php(351): CodeIgniter\CodeIgniter->handleRequest(null, Object(Config\Cache), false)
 8 FCPATH/index.php(67): CodeIgniter\CodeIgniter->run()
CRITICAL - 2023-04-13 14:30:21 --> syntax error, unexpected '*'
in APPPATH/Controllers/AceiteController.php on line 131.
 1 SYSTEMPATH/Autoloader/Autoloader.php(259): CodeIgniter\Autoloader\Autoloader->includeFile('APPPATH/Controllers/AceiteController.php')
 2 SYSTEMPATH/Autoloader/Autoloader.php(237): CodeIgniter\Autoloader\Autoloader->loadInNamespace('App\\Controllers\\AceiteController')
 3 [internal function]: CodeIgniter\Autoloader\Autoloader->loadClass('App\\Controllers\\AceiteController')
 4 [internal function]: spl_autoload_call('App\\Controllers\\AceiteController')
 5 SYSTEMPATH/CodeIgniter.php(877): class_exists('\\App\\Controllers\\AceiteController', true)
 6 SYSTEMPATH/CodeIgniter.php(469): CodeIgniter\CodeIgniter->startController()
 7 SYSTEMPATH/CodeIgniter.php(351): CodeIgniter\CodeIgniter->handleRequest(null, Object(Config\Cache), false)
 8 FCPATH/index.php(67): CodeIgniter\CodeIgniter->run()
CRITICAL - 2023-04-13 15:12:59 --> Call to undefined method CodeIgniter\HTTP\Response::with()
in APPPATH/Controllers/AceiteController.php on line 131.
 1 SYSTEMPATH/CodeIgniter.php(927): App\Controllers\AceiteController->guardarComprasAceite()
 2 SYSTEMPATH/CodeIgniter.php(482): CodeIgniter\CodeIgniter->runController(Object(App\Controllers\AceiteController))
 3 SYSTEMPATH/CodeIgniter.php(351): CodeIgniter\CodeIgniter->handleRequest(null, Object(Config\Cache), false)
 4 FCPATH/index.php(67): CodeIgniter\CodeIgniter->run()
CRITICAL - 2023-04-13 15:13:32 --> Call to a member function with() on string
in APPPATH/Controllers/AceiteController.php on line 131.
 1 SYSTEMPATH/CodeIgniter.php(927): App\Controllers\AceiteController->guardarComprasAceite()
 2 SYSTEMPATH/CodeIgniter.php(482): CodeIgniter\CodeIgniter->runController(Object(App\Controllers\AceiteController))
 3 SYSTEMPATH/CodeIgniter.php(351): CodeIgniter\CodeIgniter->handleRequest(null, Object(Config\Cache), false)
 4 FCPATH/index.php(67): CodeIgniter\CodeIgniter->run()
CRITICAL - 2023-04-13 15:14:55 --> Call to undefined method CodeIgniter\HTTP\Response::with()
in APPPATH/Controllers/AceiteController.php on line 131.
 1 SYSTEMPATH/CodeIgniter.php(927): App\Controllers\AceiteController->guardarComprasAceite()
 2 SYSTEMPATH/CodeIgniter.php(482): CodeIgniter\CodeIgniter->runController(Object(App\Controllers\AceiteController))
 3 SYSTEMPATH/CodeIgniter.php(351): CodeIgniter\CodeIgniter->handleRequest(null, Object(Config\Cache), false)
 4 FCPATH/index.php(67): CodeIgniter\CodeIgniter->run()
CRITICAL - 2023-04-13 15:15:05 --> Call to a member function with() on string
in APPPATH/Controllers/AceiteController.php on line 131.
 1 SYSTEMPATH/CodeIgniter.php(927): App\Controllers\AceiteController->guardarComprasAceite()
 2 SYSTEMPATH/CodeIgniter.php(482): CodeIgniter\CodeIgniter->runController(Object(App\Controllers\AceiteController))
 3 SYSTEMPATH/CodeIgniter.php(351): CodeIgniter\CodeIgniter->handleRequest(null, Object(Config\Cache), false)
 4 FCPATH/index.php(67): CodeIgniter\CodeIgniter->run()
CRITICAL - 2023-04-13 15:21:16 --> Invalid file: aceites/ComprasAceite.php
in SYSTEMPATH/Exceptions/FrameworkException.php on line 33.
 1 SYSTEMPATH/View/View.php(201): CodeIgniter\Exceptions\FrameworkException::forInvalidFile('aceites/ComprasAceite.php')
 2 SYSTEMPATH/Common.php(1134): CodeIgniter\View\View->render('aceites/ComprasAceite', [], true)
 3 APPPATH/Controllers/AceiteController.php(134): view('aceites/ComprasAceite', [...])
 4 SYSTEMPATH/CodeIgniter.php(927): App\Controllers\AceiteController->guardarComprasAceite()
 5 SYSTEMPATH/CodeIgniter.php(482): CodeIgniter\CodeIgniter->runController(Object(App\Controllers\AceiteController))
 6 SYSTEMPATH/CodeIgniter.php(351): CodeIgniter\CodeIgniter->handleRequest(null, Object(Config\Cache), false)
 7 FCPATH/index.php(67): CodeIgniter\CodeIgniter->run()
