CRITICAL - 2023-03-21 15:11:58 --> syntax error, unexpected '$codigo' (T_VARIABLE)
in APPPATH/Views/equipos/equipos.php on line 45.
 1 SYSTEMPATH/View/View.php(216): CodeIgniter\View\View->CodeIgniter\View\{closure}()
 2 SYSTEMPATH/Common.php(1134): CodeIgniter\View\View->render('equipos/equipos', [], true)
 3 APPPATH/Controllers/EquiposController.php(16): view('equipos/equipos', [...])
 4 SYSTEMPATH/CodeIgniter.php(927): App\Controllers\EquiposController->index()
 5 SYSTEMPATH/CodeIgniter.php(482): CodeIgniter\CodeIgniter->runController(Object(App\Controllers\EquiposController))
 6 SYSTEMPATH/CodeIgniter.php(351): CodeIgniter\CodeIgniter->handleRequest(null, Object(Config\Cache), false)
 7 FCPATH/index.php(67): CodeIgniter\CodeIgniter->run()
CRITICAL - 2023-03-21 15:12:01 --> syntax error, unexpected '$codigo' (T_VARIABLE)
in APPPATH/Views/equipos/equipos.php on line 45.
 1 SYSTEMPATH/View/View.php(216): CodeIgniter\View\View->CodeIgniter\View\{closure}()
 2 SYSTEMPATH/Common.php(1134): CodeIgniter\View\View->render('equipos/equipos', [], true)
 3 APPPATH/Controllers/EquiposController.php(16): view('equipos/equipos', [...])
 4 SYSTEMPATH/CodeIgniter.php(927): App\Controllers\EquiposController->index()
 5 SYSTEMPATH/CodeIgniter.php(482): CodeIgniter\CodeIgniter->runController(Object(App\Controllers\EquiposController))
 6 SYSTEMPATH/CodeIgniter.php(351): CodeIgniter\CodeIgniter->handleRequest(null, Object(Config\Cache), false)
 7 FCPATH/index.php(67): CodeIgniter\CodeIgniter->run()
CRITICAL - 2023-03-21 15:12:06 --> syntax error, unexpected '$codigo' (T_VARIABLE)
in APPPATH/Views/equipos/equipos.php on line 45.
 1 SYSTEMPATH/View/View.php(216): CodeIgniter\View\View->CodeIgniter\View\{closure}()
 2 SYSTEMPATH/Common.php(1134): CodeIgniter\View\View->render('equipos/equipos', [], true)
 3 APPPATH/Controllers/EquiposController.php(16): view('equipos/equipos', [...])
 4 SYSTEMPATH/CodeIgniter.php(927): App\Controllers\EquiposController->index()
 5 SYSTEMPATH/CodeIgniter.php(482): CodeIgniter\CodeIgniter->runController(Object(App\Controllers\EquiposController))
 6 SYSTEMPATH/CodeIgniter.php(351): CodeIgniter\CodeIgniter->handleRequest(null, Object(Config\Cache), false)
 7 FCPATH/index.php(67): CodeIgniter\CodeIgniter->run()
CRITICAL - 2023-03-21 15:51:36 --> hex2bin(): Input string must be hexadecimal string
in APPPATH/Controllers/LoginController.php on line 25.
 1 [internal function]: CodeIgniter\Debug\Exceptions->errorHandler(2, 'hex2bin(): Input string must be hexadecimal string', 'APPPATH/Controllers/LoginController.php', 25, [...])
 2 APPPATH/Controllers/LoginController.php(25): hex2bin('SQ4s417GoV')
 3 SYSTEMPATH/CodeIgniter.php(927): App\Controllers\LoginController->validarIngreso()
 4 SYSTEMPATH/CodeIgniter.php(482): CodeIgniter\CodeIgniter->runController(Object(App\Controllers\LoginController))
 5 SYSTEMPATH/CodeIgniter.php(351): CodeIgniter\CodeIgniter->handleRequest(null, Object(Config\Cache), false)
 6 FCPATH/index.php(67): CodeIgniter\CodeIgniter->run()
CRITICAL - 2023-03-21 15:51:57 --> hex2bin(): Input string must be hexadecimal string
in APPPATH/Controllers/LoginController.php on line 25.
 1 [internal function]: CodeIgniter\Debug\Exceptions->errorHandler(2, 'hex2bin(): Input string must be hexadecimal string', 'APPPATH/Controllers/LoginController.php', 25, [...])
 2 APPPATH/Controllers/LoginController.php(25): hex2bin('SQ4s417GoV')
 3 SYSTEMPATH/CodeIgniter.php(927): App\Controllers\LoginController->validarIngreso()
 4 SYSTEMPATH/CodeIgniter.php(482): CodeIgniter\CodeIgniter->runController(Object(App\Controllers\LoginController))
 5 SYSTEMPATH/CodeIgniter.php(351): CodeIgniter\CodeIgniter->handleRequest(null, Object(Config\Cache), false)
 6 FCPATH/index.php(67): CodeIgniter\CodeIgniter->run()
