ERROR - 2023-04-04 17:58:37 --> mysqli_sql_exception: Unknown column 'observaciones' in 'field list' in /home/jkmpg7ol/public_html/inventarios/system/Database/MySQLi/Connection.php:292
Stack trace:
#0 /home/jkmpg7ol/public_html/inventarios/system/Database/MySQLi/Connection.php(292): mysqli->query('INSERT INTO `ma...', 0)
#1 /home/jkmpg7ol/public_html/inventarios/system/Database/BaseConnection.php(666): CodeIgniter\Database\MySQLi\Connection->execute('INSERT INTO `ma...')
#2 /home/jkmpg7ol/public_html/inventarios/system/Database/BaseConnection.php(593): CodeIgniter\Database\BaseConnection->simpleQuery('INSERT INTO `ma...')
#3 /home/jkmpg7ol/public_html/inventarios/system/Database/BaseBuilder.php(1916): CodeIgniter\Database\BaseConnection->query('INSERT INTO `ma...', Array, false)
#4 /home/jkmpg7ol/public_html/inventarios/system/Model.php(279): CodeIgniter\Database\BaseBuilder->insert()
#5 /home/jkmpg7ol/public_html/inventarios/system/BaseModel.php(749): CodeIgniter\Model->doInsert(Array)
#6 /home/jkmpg7ol/public_html/inventarios/system/Model.php(667): CodeIgniter\BaseModel->insert(Array, true)
#7 /home/jkmpg7ol/public_html/inventarios/app/Controllers/MantenimientoController.php(35): CodeIgniter\Model->insert(Array)
#8 /home/jkmpg7ol/public_html/inventarios/system/CodeIgniter.php(927): App\Controllers\MantenimientoController->guardarMantenimiento()
#9 /home/jkmpg7ol/public_html/inventarios/system/CodeIgniter.php(482): CodeIgniter\CodeIgniter->runController(Object(App\Controllers\MantenimientoController))
#10 /home/jkmpg7ol/public_html/inventarios/system/CodeIgniter.php(351): CodeIgniter\CodeIgniter->handleRequest(NULL, Object(Config\Cache), false)
#11 /home/jkmpg7ol/public_html/inventarios/index.php(67): CodeIgniter\CodeIgniter->run()
#12 {main}
ERROR - 2023-04-04 18:01:57 --> mysqli_sql_exception: Unknown column 'observaciones' in 'field list' in /home/jkmpg7ol/public_html/inventarios/system/Database/MySQLi/Connection.php:292
Stack trace:
#0 /home/jkmpg7ol/public_html/inventarios/system/Database/MySQLi/Connection.php(292): mysqli->query('INSERT INTO `ma...', 0)
#1 /home/jkmpg7ol/public_html/inventarios/system/Database/BaseConnection.php(666): CodeIgniter\Database\MySQLi\Connection->execute('INSERT INTO `ma...')
#2 /home/jkmpg7ol/public_html/inventarios/system/Database/BaseConnection.php(593): CodeIgniter\Database\BaseConnection->simpleQuery('INSERT INTO `ma...')
#3 /home/jkmpg7ol/public_html/inventarios/system/Database/BaseBuilder.php(1916): CodeIgniter\Database\BaseConnection->query('INSERT INTO `ma...', Array, false)
#4 /home/jkmpg7ol/public_html/inventarios/system/Model.php(279): CodeIgniter\Database\BaseBuilder->insert()
#5 /home/jkmpg7ol/public_html/inventarios/system/BaseModel.php(749): CodeIgniter\Model->doInsert(Array)
#6 /home/jkmpg7ol/public_html/inventarios/system/Model.php(667): CodeIgniter\BaseModel->insert(Array, true)
#7 /home/jkmpg7ol/public_html/inventarios/app/Controllers/MantenimientoController.php(35): CodeIgniter\Model->insert(Array)
#8 /home/jkmpg7ol/public_html/inventarios/system/CodeIgniter.php(927): App\Controllers\MantenimientoController->guardarMantenimiento()
#9 /home/jkmpg7ol/public_html/inventarios/system/CodeIgniter.php(482): CodeIgniter\CodeIgniter->runController(Object(App\Controllers\MantenimientoController))
#10 /home/jkmpg7ol/public_html/inventarios/system/CodeIgniter.php(351): CodeIgniter\CodeIgniter->handleRequest(NULL, Object(Config\Cache), false)
#11 /home/jkmpg7ol/public_html/inventarios/index.php(67): CodeIgniter\CodeIgniter->run()
#12 {main}
ERROR - 2023-04-04 18:03:15 --> mysqli_sql_exception: Unknown column 'observaciones' in 'field list' in /home/jkmpg7ol/public_html/inventarios/system/Database/MySQLi/Connection.php:292
Stack trace:
#0 /home/jkmpg7ol/public_html/inventarios/system/Database/MySQLi/Connection.php(292): mysqli->query('INSERT INTO `ma...', 0)
#1 /home/jkmpg7ol/public_html/inventarios/system/Database/BaseConnection.php(666): CodeIgniter\Database\MySQLi\Connection->execute('INSERT INTO `ma...')
#2 /home/jkmpg7ol/public_html/inventarios/system/Database/BaseConnection.php(593): CodeIgniter\Database\BaseConnection->simpleQuery('INSERT INTO `ma...')
#3 /home/jkmpg7ol/public_html/inventarios/system/Database/BaseBuilder.php(1916): CodeIgniter\Database\BaseConnection->query('INSERT INTO `ma...', Array, false)
#4 /home/jkmpg7ol/public_html/inventarios/system/Model.php(279): CodeIgniter\Database\BaseBuilder->insert()
#5 /home/jkmpg7ol/public_html/inventarios/system/BaseModel.php(749): CodeIgniter\Model->doInsert(Array)
#6 /home/jkmpg7ol/public_html/inventarios/system/Model.php(667): CodeIgniter\BaseModel->insert(Array, true)
#7 /home/jkmpg7ol/public_html/inventarios/app/Controllers/MantenimientoController.php(35): CodeIgniter\Model->insert(Array)
#8 /home/jkmpg7ol/public_html/inventarios/system/CodeIgniter.php(927): App\Controllers\MantenimientoController->guardarMantenimiento()
#9 /home/jkmpg7ol/public_html/inventarios/system/CodeIgniter.php(482): CodeIgniter\CodeIgniter->runController(Object(App\Controllers\MantenimientoController))
#10 /home/jkmpg7ol/public_html/inventarios/system/CodeIgniter.php(351): CodeIgniter\CodeIgniter->handleRequest(NULL, Object(Config\Cache), false)
#11 /home/jkmpg7ol/public_html/inventarios/index.php(67): CodeIgniter\CodeIgniter->run()
#12 {main}
