CRITICAL - 2023-04-12 11:17:37 --> Illegal string offset 'producto'
in APPPATH/Views/aceites/aceites.php on line 181.
 1 APPPATH/Views/aceites/aceites.php(181): CodeIgniter\Debug\Exceptions->errorHandler(2, 'Illegal string offset \'producto\'', 'APPPATH/Views/aceites/aceites.php', 181, [...])
 2 SYSTEMPATH/View/View.php(213): include('APPPATH/Views/aceites/aceites.php')
 3 SYSTEMPATH/View/View.php(216): CodeIgniter\View\View->CodeIgniter\View\{closure}()
 4 SYSTEMPATH/Common.php(1134): CodeIgniter\View\View->render('aceites/aceites', [], true)
 5 APPPATH/Controllers/AceiteController.php(16): view('aceites/aceites', [...])
 6 SYSTEMPATH/CodeIgniter.php(927): App\Controllers\AceiteController->index()
 7 SYSTEMPATH/CodeIgniter.php(482): CodeIgniter\CodeIgniter->runController(Object(App\Controllers\AceiteController))
 8 SYSTEMPATH/CodeIgniter.php(351): CodeIgniter\CodeIgniter->handleRequest(null, Object(Config\Cache), false)
 9 FCPATH/index.php(67): CodeIgniter\CodeIgniter->run()
CRITICAL - 2023-04-12 11:17:58 --> Illegal string offset 'producto'
in APPPATH/Views/aceites/aceites.php on line 181.
 1 APPPATH/Views/aceites/aceites.php(181): CodeIgniter\Debug\Exceptions->errorHandler(2, 'Illegal string offset \'producto\'', 'APPPATH/Views/aceites/aceites.php', 181, [...])
 2 SYSTEMPATH/View/View.php(213): include('APPPATH/Views/aceites/aceites.php')
 3 SYSTEMPATH/View/View.php(216): CodeIgniter\View\View->CodeIgniter\View\{closure}()
 4 SYSTEMPATH/Common.php(1134): CodeIgniter\View\View->render('aceites/aceites', [], true)
 5 APPPATH/Controllers/AceiteController.php(16): view('aceites/aceites', [...])
 6 SYSTEMPATH/CodeIgniter.php(927): App\Controllers\AceiteController->index()
 7 SYSTEMPATH/CodeIgniter.php(482): CodeIgniter\CodeIgniter->runController(Object(App\Controllers\AceiteController))
 8 SYSTEMPATH/CodeIgniter.php(351): CodeIgniter\CodeIgniter->handleRequest(null, Object(Config\Cache), false)
 9 FCPATH/index.php(67): CodeIgniter\CodeIgniter->run()
CRITICAL - 2023-04-12 11:18:21 --> Illegal string offset 'producto'
in APPPATH/Views/aceites/aceites.php on line 181.
 1 APPPATH/Views/aceites/aceites.php(181): CodeIgniter\Debug\Exceptions->errorHandler(2, 'Illegal string offset \'producto\'', 'APPPATH/Views/aceites/aceites.php', 181, [...])
 2 SYSTEMPATH/View/View.php(213): include('APPPATH/Views/aceites/aceites.php')
 3 SYSTEMPATH/View/View.php(216): CodeIgniter\View\View->CodeIgniter\View\{closure}()
 4 SYSTEMPATH/Common.php(1134): CodeIgniter\View\View->render('aceites/aceites', [], true)
 5 APPPATH/Controllers/AceiteController.php(16): view('aceites/aceites', [...])
 6 SYSTEMPATH/CodeIgniter.php(927): App\Controllers\AceiteController->index()
 7 SYSTEMPATH/CodeIgniter.php(482): CodeIgniter\CodeIgniter->runController(Object(App\Controllers\AceiteController))
 8 SYSTEMPATH/CodeIgniter.php(351): CodeIgniter\CodeIgniter->handleRequest(null, Object(Config\Cache), false)
 9 FCPATH/index.php(67): CodeIgniter\CodeIgniter->run()
CRITICAL - 2023-04-12 11:18:25 --> syntax error, unexpected 'echo' (T_ECHO)
in APPPATH/Views/aceites/aceites.php on line 181.
 1 SYSTEMPATH/View/View.php(216): CodeIgniter\View\View->CodeIgniter\View\{closure}()
 2 SYSTEMPATH/Common.php(1134): CodeIgniter\View\View->render('aceites/aceites', [], true)
 3 APPPATH/Controllers/AceiteController.php(16): view('aceites/aceites', [...])
 4 SYSTEMPATH/CodeIgniter.php(927): App\Controllers\AceiteController->index()
 5 SYSTEMPATH/CodeIgniter.php(482): CodeIgniter\CodeIgniter->runController(Object(App\Controllers\AceiteController))
 6 SYSTEMPATH/CodeIgniter.php(351): CodeIgniter\CodeIgniter->handleRequest(null, Object(Config\Cache), false)
 7 FCPATH/index.php(67): CodeIgniter\CodeIgniter->run()
CRITICAL - 2023-04-12 11:18:37 --> Illegal string offset 'producto'
in APPPATH/Views/aceites/aceites.php on line 181.
 1 APPPATH/Views/aceites/aceites.php(181): CodeIgniter\Debug\Exceptions->errorHandler(2, 'Illegal string offset \'producto\'', 'APPPATH/Views/aceites/aceites.php', 181, [...])
 2 SYSTEMPATH/View/View.php(213): include('APPPATH/Views/aceites/aceites.php')
 3 SYSTEMPATH/View/View.php(216): CodeIgniter\View\View->CodeIgniter\View\{closure}()
 4 SYSTEMPATH/Common.php(1134): CodeIgniter\View\View->render('aceites/aceites', [], true)
 5 APPPATH/Controllers/AceiteController.php(16): view('aceites/aceites', [...])
 6 SYSTEMPATH/CodeIgniter.php(927): App\Controllers\AceiteController->index()
 7 SYSTEMPATH/CodeIgniter.php(482): CodeIgniter\CodeIgniter->runController(Object(App\Controllers\AceiteController))
 8 SYSTEMPATH/CodeIgniter.php(351): CodeIgniter\CodeIgniter->handleRequest(null, Object(Config\Cache), false)
 9 FCPATH/index.php(67): CodeIgniter\CodeIgniter->run()
CRITICAL - 2023-04-12 11:19:38 --> Illegal string offset 'producto'
in APPPATH/Views/aceites/aceites.php on line 181.
 1 APPPATH/Views/aceites/aceites.php(181): CodeIgniter\Debug\Exceptions->errorHandler(2, 'Illegal string offset \'producto\'', 'APPPATH/Views/aceites/aceites.php', 181, [...])
 2 SYSTEMPATH/View/View.php(213): include('APPPATH/Views/aceites/aceites.php')
 3 SYSTEMPATH/View/View.php(216): CodeIgniter\View\View->CodeIgniter\View\{closure}()
 4 SYSTEMPATH/Common.php(1134): CodeIgniter\View\View->render('aceites/aceites', [], true)
 5 APPPATH/Controllers/AceiteController.php(16): view('aceites/aceites', [...])
 6 SYSTEMPATH/CodeIgniter.php(927): App\Controllers\AceiteController->index()
 7 SYSTEMPATH/CodeIgniter.php(482): CodeIgniter\CodeIgniter->runController(Object(App\Controllers\AceiteController))
 8 SYSTEMPATH/CodeIgniter.php(351): CodeIgniter\CodeIgniter->handleRequest(null, Object(Config\Cache), false)
 9 FCPATH/index.php(67): CodeIgniter\CodeIgniter->run()
CRITICAL - 2023-04-12 11:27:54 --> Illegal string offset 'id'
in APPPATH/Views/aceites/aceites.php on line 181.
 1 APPPATH/Views/aceites/aceites.php(181): CodeIgniter\Debug\Exceptions->errorHandler(2, 'Illegal string offset \'id\'', 'APPPATH/Views/aceites/aceites.php', 181, [...])
 2 SYSTEMPATH/View/View.php(213): include('APPPATH/Views/aceites/aceites.php')
 3 SYSTEMPATH/View/View.php(216): CodeIgniter\View\View->CodeIgniter\View\{closure}()
 4 SYSTEMPATH/Common.php(1134): CodeIgniter\View\View->render('aceites/aceites', [], true)
 5 APPPATH/Controllers/AceiteController.php(16): view('aceites/aceites', [...])
 6 SYSTEMPATH/CodeIgniter.php(927): App\Controllers\AceiteController->index()
 7 SYSTEMPATH/CodeIgniter.php(482): CodeIgniter\CodeIgniter->runController(Object(App\Controllers\AceiteController))
 8 SYSTEMPATH/CodeIgniter.php(351): CodeIgniter\CodeIgniter->handleRequest(null, Object(Config\Cache), false)
 9 FCPATH/index.php(67): CodeIgniter\CodeIgniter->run()
CRITICAL - 2023-04-12 11:28:18 --> Illegal string offset 'producto'
in APPPATH/Views/aceites/aceites.php on line 181.
 1 APPPATH/Views/aceites/aceites.php(181): CodeIgniter\Debug\Exceptions->errorHandler(2, 'Illegal string offset \'producto\'', 'APPPATH/Views/aceites/aceites.php', 181, [...])
 2 SYSTEMPATH/View/View.php(213): include('APPPATH/Views/aceites/aceites.php')
 3 SYSTEMPATH/View/View.php(216): CodeIgniter\View\View->CodeIgniter\View\{closure}()
 4 SYSTEMPATH/Common.php(1134): CodeIgniter\View\View->render('aceites/aceites', [], true)
 5 APPPATH/Controllers/AceiteController.php(16): view('aceites/aceites', [...])
 6 SYSTEMPATH/CodeIgniter.php(927): App\Controllers\AceiteController->index()
 7 SYSTEMPATH/CodeIgniter.php(482): CodeIgniter\CodeIgniter->runController(Object(App\Controllers\AceiteController))
 8 SYSTEMPATH/CodeIgniter.php(351): CodeIgniter\CodeIgniter->handleRequest(null, Object(Config\Cache), false)
 9 FCPATH/index.php(67): CodeIgniter\CodeIgniter->run()
CRITICAL - 2023-04-12 11:39:12 --> Invalid file: aceites/compraAceites.php
in SYSTEMPATH/Exceptions/FrameworkException.php on line 33.
 1 SYSTEMPATH/View/View.php(201): CodeIgniter\Exceptions\FrameworkException::forInvalidFile('aceites/compraAceites.php')
 2 SYSTEMPATH/Common.php(1134): CodeIgniter\View\View->render('aceites/compraAceites', [], true)
 3 APPPATH/Controllers/AceiteController.php(57): view('aceites/compraAceites', [...])
 4 SYSTEMPATH/CodeIgniter.php(927): App\Controllers\AceiteController->ComprasAceite()
 5 SYSTEMPATH/CodeIgniter.php(482): CodeIgniter\CodeIgniter->runController(Object(App\Controllers\AceiteController))
 6 SYSTEMPATH/CodeIgniter.php(351): CodeIgniter\CodeIgniter->handleRequest(null, Object(Config\Cache), false)
 7 FCPATH/index.php(67): CodeIgniter\CodeIgniter->run()
